<?xml version="1.0" encoding="UTF-8"?>
<!-- Generated by org.testng.reporters.JUnitXMLReporter -->
<testsuite hostname="pc" name="Default test(failed)" tests="3" failures="0" timestamp="22 Jun 2022 10:23:33 GMT" time="34.521" errors="0">
  <testcase name="testCase4" time="13.761" classname="org.testng.Parallel"/>
  <testcase name="testCase3" time="9.027" classname="org.testng.Parallel"/>
  <testcase name="testCase5" time="11.673" classname="org.testng.Parallel"/>
</testsuite> <!-- Default test(failed) -->
