<?xml version="1.0" encoding="UTF-8"?>
<!-- Generated by org.testng.reporters.JUnitXMLReporter -->
<testsuite hostname="pc" name="Test" tests="3" failures="3" timestamp="29 Jun 2022 11:07:49 GMT" time="0.258" errors="0">
  <testcase name="click" time="0.047" classname="org.testngtask.TestNG_Task005">
    <failure type="java.lang.NullPointerException">
      <![CDATA[java.lang.NullPointerException
	at org.maven.BaseClass.launchUrl(BaseClass.java:32)
... Removed 25 stack frames]]>
    </failure>
  </testcase> <!-- click -->
  <testcase name="passWord" time="0.009" classname="org.testngtask.TestNG_Task005">
    <failure type="java.lang.NullPointerException">
      <![CDATA[java.lang.NullPointerException
	at org.maven.BaseClass.launchUrl(BaseClass.java:32)
... Removed 25 stack frames]]>
    </failure>
  </testcase> <!-- passWord -->
  <testcase name="userName" time="0.009" classname="org.testngtask.TestNG_Task005">
    <failure type="java.lang.NullPointerException">
      <![CDATA[java.lang.NullPointerException
	at org.maven.BaseClass.launchUrl(BaseClass.java:32)
... Removed 25 stack frames]]>
    </failure>
  </testcase> <!-- userName -->
</testsuite> <!-- Test -->
